<?xml version="1.0" encoding="UTF-8"?>
<testsuite xmlns:xsi="http://www.w3.org/2001/XMLSchema-instance" xsi:noNamespaceSchemaLocation="https://maven.apache.org/surefire/maven-surefire-plugin/xsd/surefire-test-report.xsd" name="org.generation.blogpessoal.controller.UsuarioControllerTest" time="24.968" tests="4" errors="0" skipped="0" failures="0">
  <properties>
[...]
</properties>
  <testcase name="deveCadastrarUmUsuario" classname="org.generation.blogpessoal.controller.UsuarioControllerTest" time="1.62"/>
  <testcase name="naoDeveDuplicarUsuario" classname="org.generation.blogpessoal.controller.UsuarioControllerTest" time="0.175"/>
  <testcase name="deveAtualizarUsuario" classname="org.generation.blogpessoal.controller.UsuarioControllerTest" time="0.609"/>
  <testcase name="deveMostrarTodosUsuarios" classname="org.generation.blogpessoal.controller.UsuarioControllerTest" time="0.37"/>
</testsuite>